c:\users\olive\documents\pp-projekat\parallel-bees\parallel-bees\x64\debug\vc142.pdb
c:\users\olive\documents\pp-projekat\parallel-bees\parallel-bees\x64\debug\vc142.idb
c:\users\olive\documents\pp-projekat\parallel-bees\parallel-bees\x64\debug\parallel-bees.obj
c:\users\olive\documents\pp-projekat\parallel-bees\parallel-bees\x64\debug\minimax.obj
c:\users\olive\documents\pp-projekat\parallel-bees\parallel-bees\x64\debug\helper.obj
c:\users\olive\documents\pp-projekat\parallel-bees\parallel-bees\x64\debug\global.obj
c:\users\olive\documents\pp-projekat\parallel-bees\parallel-bees\x64\debug\evaluate.obj
c:\users\olive\documents\pp-projekat\parallel-bees\parallel-bees\x64\debug\api.obj
c:\users\olive\documents\pp-projekat\parallel-bees\x64\debug\parallel-bees.pdb
c:\users\olive\documents\pp-projekat\parallel-bees\parallel-bees\x64\debug\parallel-bees.tlog\cl.command.1.tlog
c:\users\olive\documents\pp-projekat\parallel-bees\parallel-bees\x64\debug\parallel-bees.tlog\cl.read.1.tlog
c:\users\olive\documents\pp-projekat\parallel-bees\parallel-bees\x64\debug\parallel-bees.tlog\cl.write.1.tlog
c:\users\olive\documents\pp-projekat\parallel-bees\parallel-bees\x64\debug\parallel-bees.tlog\link-cvtres.read.1.tlog
c:\users\olive\documents\pp-projekat\parallel-bees\parallel-bees\x64\debug\parallel-bees.tlog\link-cvtres.write.1.tlog
c:\users\olive\documents\pp-projekat\parallel-bees\parallel-bees\x64\debug\parallel-bees.tlog\link-rc.read.1.tlog
c:\users\olive\documents\pp-projekat\parallel-bees\parallel-bees\x64\debug\parallel-bees.tlog\link-rc.write.1.tlog
c:\users\olive\documents\pp-projekat\parallel-bees\parallel-bees\x64\debug\parallel-bees.tlog\link.4076-cvtres.read.1.tlog
c:\users\olive\documents\pp-projekat\parallel-bees\parallel-bees\x64\debug\parallel-bees.tlog\link.4076-cvtres.write.1.tlog
c:\users\olive\documents\pp-projekat\parallel-bees\parallel-bees\x64\debug\parallel-bees.tlog\link.4076-rc.read.1.tlog
c:\users\olive\documents\pp-projekat\parallel-bees\parallel-bees\x64\debug\parallel-bees.tlog\link.4076-rc.write.1.tlog
c:\users\olive\documents\pp-projekat\parallel-bees\parallel-bees\x64\debug\parallel-bees.tlog\link.4076.read.1.tlog
c:\users\olive\documents\pp-projekat\parallel-bees\parallel-bees\x64\debug\parallel-bees.tlog\link.4076.write.1.tlog
c:\users\olive\documents\pp-projekat\parallel-bees\parallel-bees\x64\debug\parallel-bees.tlog\link.command.1.tlog
c:\users\olive\documents\pp-projekat\parallel-bees\parallel-bees\x64\debug\parallel-bees.tlog\link.read.1.tlog
c:\users\olive\documents\pp-projekat\parallel-bees\parallel-bees\x64\debug\parallel-bees.tlog\link.write.1.tlog
