  Minimax.cpp
C:\Users\olive\Documents\PP-Projekat\Parallel-Bees\Parallel-Bees\json.hpp(6404,60): error C2027: use of undefined type 'nlohmann::json_abi_v3_11_2::detail::wide_string_input_helper<BaseInputAdapter,16>'
          with
          [
              BaseInputAdapter=nlohmann::json_abi_v3_11_2::detail::iterator_input_adapter<nlohmann::json_abi_v3_11_2::detail::iter_impl<const nlohmann::json_abi_v3_11_2::basic_json<std::map,std::vector,std::string,bool,int64_t,uint64_t,double,std::allocator,nlohmann::json_abi_v3_11_2::adl_serializer,std::vector<uint8_t,std::allocator<uint8_t>>,void>>>
          ]
C:\Users\olive\Documents\PP-Projekat\Parallel-Bees\Parallel-Bees\json.hpp(6404): message : see declaration of 'nlohmann::json_abi_v3_11_2::detail::wide_string_input_helper<BaseInputAdapter,16>'
          with
          [
              BaseInputAdapter=nlohmann::json_abi_v3_11_2::detail::iterator_input_adapter<nlohmann::json_abi_v3_11_2::detail::iter_impl<const nlohmann::json_abi_v3_11_2::basic_json<std::map,std::vector,std::string,bool,int64_t,uint64_t,double,std::allocator,nlohmann::json_abi_v3_11_2::adl_serializer,std::vector<uint8_t,std::allocator<uint8_t>>,void>>>
          ]
C:\Users\olive\Documents\PP-Projekat\Parallel-Bees\Parallel-Bees\json.hpp(6386): message : see reference to function template instantiation 'void nlohmann::json_abi_v3_11_2::detail::wide_string_input_adapter<nlohmann::json_abi_v3_11_2::detail::iterator_input_adapter<nlohmann::json_abi_v3_11_2::detail::iter_impl<const nlohmann::json_abi_v3_11_2::basic_json<std::map,std::vector,std::string,bool,int64_t,uint64_t,double,std::allocator,nlohmann::json_abi_v3_11_2::adl_serializer,std::vector<uint8_t,std::allocator<uint8_t>>,void>>>,nlohmann::json_abi_v3_11_2::basic_json<std::map,std::vector,std::string,bool,int64_t,uint64_t,double,std::allocator,nlohmann::json_abi_v3_11_2::adl_serializer,std::vector<uint8_t,std::allocator<uint8_t>>,void>>::fill_buffer<16>(void)' being compiled
C:\Users\olive\Documents\PP-Projekat\Parallel-Bees\Parallel-Bees\json.hpp(6386): message : see reference to function template instantiation 'void nlohmann::json_abi_v3_11_2::detail::wide_string_input_adapter<nlohmann::json_abi_v3_11_2::detail::iterator_input_adapter<nlohmann::json_abi_v3_11_2::detail::iter_impl<const nlohmann::json_abi_v3_11_2::basic_json<std::map,std::vector,std::string,bool,int64_t,uint64_t,double,std::allocator,nlohmann::json_abi_v3_11_2::adl_serializer,std::vector<uint8_t,std::allocator<uint8_t>>,void>>>,nlohmann::json_abi_v3_11_2::basic_json<std::map,std::vector,std::string,bool,int64_t,uint64_t,double,std::allocator,nlohmann::json_abi_v3_11_2::adl_serializer,std::vector<uint8_t,std::allocator<uint8_t>>,void>>::fill_buffer<16>(void)' being compiled
C:\Users\olive\Documents\PP-Projekat\Parallel-Bees\Parallel-Bees\json.hpp(6382): message : while compiling class template member function 'int nlohmann::json_abi_v3_11_2::detail::wide_string_input_adapter<nlohmann::json_abi_v3_11_2::detail::iterator_input_adapter<nlohmann::json_abi_v3_11_2::detail::iter_impl<const nlohmann::json_abi_v3_11_2::basic_json<std::map,std::vector,std::string,bool,int64_t,uint64_t,double,std::allocator,nlohmann::json_abi_v3_11_2::adl_serializer,std::vector<uint8_t,std::allocator<uint8_t>>,void>>>,nlohmann::json_abi_v3_11_2::basic_json<std::map,std::vector,std::string,bool,int64_t,uint64_t,double,std::allocator,nlohmann::json_abi_v3_11_2::adl_serializer,std::vector<uint8_t,std::allocator<uint8_t>>,void>>::get_character(void) noexcept'
C:\Users\olive\Documents\PP-Projekat\Parallel-Bees\Parallel-Bees\json.hpp(8655): message : see reference to function template instantiation 'int nlohmann::json_abi_v3_11_2::detail::wide_string_input_adapter<nlohmann::json_abi_v3_11_2::detail::iterator_input_adapter<nlohmann::json_abi_v3_11_2::detail::iter_impl<const nlohmann::json_abi_v3_11_2::basic_json<std::map,std::vector,std::string,bool,int64_t,uint64_t,double,std::allocator,nlohmann::json_abi_v3_11_2::adl_serializer,std::vector<uint8_t,std::allocator<uint8_t>>,void>>>,nlohmann::json_abi_v3_11_2::basic_json<std::map,std::vector,std::string,bool,int64_t,uint64_t,double,std::allocator,nlohmann::json_abi_v3_11_2::adl_serializer,std::vector<uint8_t,std::allocator<uint8_t>>,void>>::get_character(void) noexcept' being compiled
C:\Users\olive\Documents\PP-Projekat\Parallel-Bees\Parallel-Bees\json.hpp(23240): message : see reference to class template instantiation 'nlohmann::json_abi_v3_11_2::detail::wide_string_input_adapter<nlohmann::json_abi_v3_11_2::detail::iterator_input_adapter<nlohmann::json_abi_v3_11_2::detail::iter_impl<const nlohmann::json_abi_v3_11_2::basic_json<std::map,std::vector,std::string,bool,int64_t,uint64_t,double,std::allocator,nlohmann::json_abi_v3_11_2::adl_serializer,std::vector<uint8_t,std::allocator<uint8_t>>,void>>>,nlohmann::json_abi_v3_11_2::basic_json<std::map,std::vector,std::string,bool,int64_t,uint64_t,double,std::allocator,nlohmann::json_abi_v3_11_2::adl_serializer,std::vector<uint8_t,std::allocator<uint8_t>>,void>>' being compiled
C:\Users\olive\Documents\PP-Projekat\Parallel-Bees\Parallel-Bees\Minimax.cpp(90): message : see reference to function template instantiation 'nlohmann::json_abi_v3_11_2::basic_json<std::map,std::vector,std::string,bool,int64_t,uint64_t,double,std::allocator,nlohmann::json_abi_v3_11_2::adl_serializer,std::vector<uint8_t,std::allocator<uint8_t>>,void> nlohmann::json_abi_v3_11_2::basic_json<std::map,std::vector,std::string,bool,int64_t,uint64_t,double,std::allocator,nlohmann::json_abi_v3_11_2::adl_serializer,std::vector<uint8_t,std::allocator<uint8_t>>,void>::parse<json&>(InputType,const std::function<bool (int,nlohmann::json_abi_v3_11_2::detail::parse_event_t,nlohmann::json_abi_v3_11_2::basic_json<std::map,std::vector,std::string,bool,int64_t,uint64_t,double,std::allocator,nlohmann::json_abi_v3_11_2::adl_serializer,std::vector<uint8_t,std::allocator<uint8_t>>,void> &)>,const bool,const bool)' being compiled
          with
          [
              InputType=json &
          ]
C:\Users\olive\Documents\PP-Projekat\Parallel-Bees\Parallel-Bees\Minimax.cpp(90): message : see reference to function template instantiation 'nlohmann::json_abi_v3_11_2::basic_json<std::map,std::vector,std::string,bool,int64_t,uint64_t,double,std::allocator,nlohmann::json_abi_v3_11_2::adl_serializer,std::vector<uint8_t,std::allocator<uint8_t>>,void> nlohmann::json_abi_v3_11_2::basic_json<std::map,std::vector,std::string,bool,int64_t,uint64_t,double,std::allocator,nlohmann::json_abi_v3_11_2::adl_serializer,std::vector<uint8_t,std::allocator<uint8_t>>,void>::parse<json&>(InputType,const std::function<bool (int,nlohmann::json_abi_v3_11_2::detail::parse_event_t,nlohmann::json_abi_v3_11_2::basic_json<std::map,std::vector,std::string,bool,int64_t,uint64_t,double,std::allocator,nlohmann::json_abi_v3_11_2::adl_serializer,std::vector<uint8_t,std::allocator<uint8_t>>,void> &)>,const bool,const bool)' being compiled
          with
          [
              InputType=json &
          ]
C:\Users\olive\Documents\PP-Projekat\Parallel-Bees\Parallel-Bees\json.hpp(6404,56): error C2672: 'nlohmann::json_abi_v3_11_2::detail::wide_string_input_adapter<nlohmann::json_abi_v3_11_2::detail::iterator_input_adapter<nlohmann::json_abi_v3_11_2::detail::iter_impl<const nlohmann::json_abi_v3_11_2::basic_json<std::map,std::vector,std::string,bool,int64_t,uint64_t,double,std::allocator,nlohmann::json_abi_v3_11_2::adl_serializer,std::vector<uint8_t,std::allocator<uint8_t>>,void>>>,nlohmann::json_abi_v3_11_2::basic_json<std::map,std::vector,std::string,bool,int64_t,uint64_t,double,std::allocator,nlohmann::json_abi_v3_11_2::adl_serializer,std::vector<uint8_t,std::allocator<uint8_t>>,void>>::fill_buffer': no matching overloaded function found
C:\Users\olive\Documents\PP-Projekat\Parallel-Bees\Parallel-Bees\json.hpp(6404,56): error C2780: 'void nlohmann::json_abi_v3_11_2::detail::wide_string_input_adapter<nlohmann::json_abi_v3_11_2::detail::iterator_input_adapter<nlohmann::json_abi_v3_11_2::detail::iter_impl<const nlohmann::json_abi_v3_11_2::basic_json<std::map,std::vector,std::string,bool,int64_t,uint64_t,double,std::allocator,nlohmann::json_abi_v3_11_2::adl_serializer,std::vector<uint8_t,std::allocator<uint8_t>>,void>>>,nlohmann::json_abi_v3_11_2::basic_json<std::map,std::vector,std::string,bool,int64_t,uint64_t,double,std::allocator,nlohmann::json_abi_v3_11_2::adl_serializer,std::vector<uint8_t,std::allocator<uint8_t>>,void>>::fill_buffer(void)': expects 0 arguments - 4 provided
C:\Users\olive\Documents\PP-Projekat\Parallel-Bees\Parallel-Bees\json.hpp(6402): message : see declaration of 'nlohmann::json_abi_v3_11_2::detail::wide_string_input_adapter<nlohmann::json_abi_v3_11_2::detail::iterator_input_adapter<nlohmann::json_abi_v3_11_2::detail::iter_impl<const nlohmann::json_abi_v3_11_2::basic_json<std::map,std::vector,std::string,bool,int64_t,uint64_t,double,std::allocator,nlohmann::json_abi_v3_11_2::adl_serializer,std::vector<uint8_t,std::allocator<uint8_t>>,void>>>,nlohmann::json_abi_v3_11_2::basic_json<std::map,std::vector,std::string,bool,int64_t,uint64_t,double,std::allocator,nlohmann::json_abi_v3_11_2::adl_serializer,std::vector<uint8_t,std::allocator<uint8_t>>,void>>::fill_buffer'
  main.cpp
  Generating Code...
